Wed Apr 22 14:37:59 CAT 2015 : Apache Derby Network Server - 10.10.1.3 - (1557168) started and ready to accept connections on port 1527
----------------------------------------------------------------
Wed Apr 22 14:37:59 CAT 2015:
Booting Derby version The Apache Software Foundation - Apache Derby - 10.10.1.3 - (1557168): instance a816c00e-014c-e122-88db-ffff9d0d27cb 
on database directory C:\Users\16192249\Documents\PRG\lesson8\March2014PracticalTest\NBUSER with class loader sun.misc.Launcher$AppClassLoader@144bcfa 
Loaded from file:/C:/Program%20Files/Java/jdk1.8.0_25/db/lib/derby.jar
java.vendor=Oracle Corporation
java.runtime.version=1.8.0_25-b18
user.dir=C:\Program Files\Java\jdk1.8.0_25\db
os.name=Windows 7
os.arch=x86
os.version=6.1
derby.system.home=C:\Users\16192249\Documents\PRG\lesson8\March2014PracticalTest
Database Class Loader started - derby.database.classpath=''
----------------------------------------------------------------
Wed Apr 22 14:38:05 CAT 2015:
Shutting down instance a816c00e-014c-e122-88db-ffff9d0d27cb on database directory C:\Users\16192249\Documents\PRG\lesson8\March2014PracticalTest\NBUSER with class loader sun.misc.Launcher$AppClassLoader@144bcfa 
Wed Apr 22 14:38:05 CAT 2015 Thread[DRDAConnThread_2,5,main] (DATABASE = NBUSER), (DRDAID = {2}), Database 'NBUSER' shutdown.
Wed Apr 22 14:38:09 CAT 2015 Thread[DRDAConnThread_2,5,main] Cleanup action starting
java.sql.SQLException: Database 'NBUSER' not found.
	at org.apache.derby.impl.jdbc.SQLExceptionFactory40.getSQLException(Unknown Source)
	at org.apache.derby.impl.jdbc.Util.newEmbedSQLException(Unknown Source)
	at org.apache.derby.impl.jdbc.Util.newEmbedSQLException(Unknown Source)
	at org.apache.derby.impl.jdbc.Util.generateCsSQLException(Unknown Source)
	at org.apache.derby.impl.jdbc.EmbedConnection.newSQLException(Unknown Source)
	at org.apache.derby.impl.jdbc.EmbedConnection.handleDBNotFound(Unknown Source)
	at org.apache.derby.impl.jdbc.EmbedConnection.<init>(Unknown Source)
	at org.apache.derby.impl.jdbc.EmbedConnection40.<init>(Unknown Source)
	at org.apache.derby.jdbc.Driver40.getNewEmbedConnection(Unknown Source)
	at org.apache.derby.jdbc.InternalDriver.connect(Unknown Source)
	at org.apache.derby.jdbc.Driver20.connect(Unknown Source)
	at org.apache.derby.jdbc.EmbeddedDriver.connect(Unknown Source)
	at org.apache.derby.impl.drda.Database.makeConnection(Unknown Source)
	at org.apache.derby.impl.drda.DRDAConnThread.getConnFromDatabaseName(Unknown Source)
	at org.apache.derby.impl.drda.DRDAConnThread.verifyUserIdPassword(Unknown Source)
	at org.apache.derby.impl.drda.DRDAConnThread.parseSECCHK(Unknown Source)
	at org.apache.derby.impl.drda.DRDAConnThread.parseDRDAConnection(Unknown Source)
	at org.apache.derby.impl.drda.DRDAConnThread.processCommands(Unknown Source)
	at org.apache.derby.impl.drda.DRDAConnThread.run(Unknown Source)
Caused by: java.sql.SQLException: Database 'NBUSER' not found.
	at org.apache.derby.impl.jdbc.SQLExceptionFactory.getSQLException(Unknown Source)
	at org.apache.derby.impl.jdbc.SQLExceptionFactory40.wrapArgsForTransportAcrossDRDA(Unknown Source)
	... 19 more
============= begin nested exception, level (1) ===========
java.sql.SQLException: Database 'NBUSER' not found.
	at org.apache.derby.impl.jdbc.SQLExceptionFactory.getSQLException(Unknown Source)
	at org.apache.derby.impl.jdbc.SQLExceptionFactory40.wrapArgsForTransportAcrossDRDA(Unknown Source)
	at org.apache.derby.impl.jdbc.SQLExceptionFactory40.getSQLException(Unknown Source)
	at org.apache.derby.impl.jdbc.Util.newEmbedSQLException(Unknown Source)
	at org.apache.derby.impl.jdbc.Util.newEmbedSQLException(Unknown Source)
	at org.apache.derby.impl.jdbc.Util.generateCsSQLException(Unknown Source)
	at org.apache.derby.impl.jdbc.EmbedConnection.newSQLException(Unknown Source)
	at org.apache.derby.impl.jdbc.EmbedConnection.handleDBNotFound(Unknown Source)
	at org.apache.derby.impl.jdbc.EmbedConnection.<init>(Unknown Source)
	at org.apache.derby.impl.jdbc.EmbedConnection40.<init>(Unknown Source)
	at org.apache.derby.jdbc.Driver40.getNewEmbedConnection(Unknown Source)
	at org.apache.derby.jdbc.InternalDriver.connect(Unknown Source)
	at org.apache.derby.jdbc.Driver20.connect(Unknown Source)
	at org.apache.derby.jdbc.EmbeddedDriver.connect(Unknown Source)
	at org.apache.derby.impl.drda.Database.makeConnection(Unknown Source)
	at org.apache.derby.impl.drda.DRDAConnThread.getConnFromDatabaseName(Unknown Source)
	at org.apache.derby.impl.drda.DRDAConnThread.verifyUserIdPassword(Unknown Source)
	at org.apache.derby.impl.drda.DRDAConnThread.parseSECCHK(Unknown Source)
	at org.apache.derby.impl.drda.DRDAConnThread.parseDRDAConnection(Unknown Source)
	at org.apache.derby.impl.drda.DRDAConnThread.processCommands(Unknown Source)
	at org.apache.derby.impl.drda.DRDAConnThread.run(Unknown Source)
============= end nested exception, level (1) ===========
Cleanup action completed
Wed Apr 22 14:38:09 CAT 2015 Thread[DRDAConnThread_2,5,main] (DATABASE = NBUSER), (DRDAID = {3}), Database 'NBUSER' not found.
----------------------------------------------------------------
Wed Apr 22 14:38:19 CAT 2015:
Booting Derby version The Apache Software Foundation - Apache Derby - 10.10.1.3 - (1557168): instance 560740aa-014c-e122-88db-ffff9d0d27cb 
on database directory C:\Users\16192249\Documents\PRG\lesson8\March2014PracticalTest\NBUSER with class loader sun.misc.Launcher$AppClassLoader@144bcfa 
Loaded from file:/C:/Program%20Files/Java/jdk1.8.0_25/db/lib/derby.jar
java.vendor=Oracle Corporation
java.runtime.version=1.8.0_25-b18
user.dir=C:\Program Files\Java\jdk1.8.0_25\db
os.name=Windows 7
os.arch=x86
os.version=6.1
derby.system.home=C:\Users\16192249\Documents\PRG\lesson8\March2014PracticalTest
Database Class Loader started - derby.database.classpath=''
----------------------------------------------------------------
Wed Apr 22 14:38:23 CAT 2015:
Shutting down instance 560740aa-014c-e122-88db-ffff9d0d27cb on database directory C:\Users\16192249\Documents\PRG\lesson8\March2014PracticalTest\NBUSER with class loader sun.misc.Launcher$AppClassLoader@144bcfa 
Wed Apr 22 14:38:23 CAT 2015 Thread[DRDAConnThread_2,5,main] (DATABASE = NBUSER), (DRDAID = {5}), Database 'NBUSER' shutdown.
----------------------------------------------------------------
Wed Apr 22 14:38:31 CAT 2015:
Booting Derby version The Apache Software Foundation - Apache Derby - 10.10.1.3 - (1557168): instance 1bbbc146-014c-e122-88db-ffff9d0d27cb 
on database directory C:\Users\16192249\Documents\PRG\lesson8\March2014PracticalTest\NBUSER with class loader sun.misc.Launcher$AppClassLoader@144bcfa 
Loaded from file:/C:/Program%20Files/Java/jdk1.8.0_25/db/lib/derby.jar
java.vendor=Oracle Corporation
java.runtime.version=1.8.0_25-b18
user.dir=C:\Program Files\Java\jdk1.8.0_25\db
os.name=Windows 7
os.arch=x86
os.version=6.1
derby.system.home=C:\Users\16192249\Documents\PRG\lesson8\March2014PracticalTest
Database Class Loader started - derby.database.classpath=''
